DLN93240YC-FX2-3# show version
Cisco Nexus Operating System (NX-OS) Software
TAC support: http://www.cisco.com/tac
Copyright (C) 2002-2023, Cisco and/or its affiliates.
All rights reserved.
The copyrights to certain works contained in this software are
owned by other third parties and used and distributed under their own
licenses, such as open source.  This software is provided "as is," and unless
otherwise stated, there is no warranty, express or implied, including but not
limited to warranties of merchantability and fitness for a particular purpose.
Certain components of this software are licensed under
the GNU General Public License (GPL) version 2.0 or 
GNU General Public License (GPL) version 3.0  or the GNU
Lesser General Public License (LGPL) Version 2.1 or 
Lesser General Public License (LGPL) Version 2.0. 
A copy of each such license is available at
http://www.opensource.org/licenses/gpl-2.0.php and
http://opensource.org/licenses/gpl-3.0.html and
http://www.opensource.org/licenses/lgpl-2.1.php and
http://www.gnu.org/licenses/old-licenses/library.txt.

Software
  BIOS: version 05.47
 NXOS: version 9.3(12)
  BIOS compile time:  04/28/2022
  NXOS image file is: bootflash:///nxos.9.3.12.bin
  NXOS compile time:  6/20/2023 12:00:00 [06/23/2023 17:33:36]


Hardware
  cisco Nexus9000 C93240YC-FX2 Chassis 
  Intel(R) Xeon(R) CPU D-1526 @ 1.80GHz with 16337080 kB of memory.
  Processor Board ID FDO24030F3Z

  Device name: DLN93240YC-FX2-3
  bootflash:  115343360 kB
Kernel uptime is 71 day(s), 4 hour(s), 51 minute(s), 3 second(s)

Last reset at 467567 usecs after Fri Dec 22 03:57:58 2023
  Reason: Reset Requested by CLI command reload
  System version: 9.3(5)
  Service: 

plugin
  Core Plugin, Ethernet Plugin

Active Package(s):
        
