DLN93240YC-FX2-3# show interface brief 

--------------------------------------------------------------------------------
Port   VRF          Status IP Address                              Speed    MTU
--------------------------------------------------------------------------------
mgmt0  --           up     10.124.39.53                            1000    1500    
--------------------------------------------------------------------------------
Ethernet        VLAN    Type Mode   Status  Reason                 Speed     Port
Interface                                                                    Ch #
--------------------------------------------------------------------------------
Eth1/1          --      eth  routed down    XCVR not inserted        auto(D) --
Eth1/2          --      eth  routed down    XCVR not inserted        auto(D) --
Eth1/3          --      eth  routed down    XCVR not inserted        auto(D) --
Eth1/4          --      eth  routed down    XCVR not inserted        auto(D) --
Eth1/5          --      eth  routed down    XCVR not inserted        auto(D) --
Eth1/6          --      eth  routed down    XCVR not inserted        auto(D) --
Eth1/7          --      eth  routed down    XCVR not inserted        auto(D) --
Eth1/8          --      eth  routed down    XCVR not inserted        auto(D) --
Eth1/9          --      eth  routed down    XCVR not inserted        auto(D) --
Eth1/10         --      eth  routed down    XCVR not inserted        auto(D) --
Eth1/11         --      eth  routed down    XCVR not inserted        auto(D) --
Eth1/12         --      eth  routed down    XCVR not inserted        auto(D) --
Eth1/13         --      eth  routed down    XCVR not inserted        auto(D) --
Eth1/14         --      eth  routed down    XCVR not inserted        auto(D) --
Eth1/15         --      eth  routed down    XCVR not inserted        auto(D) --
Eth1/16         --      eth  routed down    XCVR not inserted        auto(D) --
Eth1/17         --      eth  routed down    XCVR not inserted        auto(D) --
Eth1/18         --      eth  routed down    XCVR not inserted        auto(D) --
Eth1/19         --      eth  routed down    XCVR not inserted        auto(D) --
Eth1/20         --      eth  routed down    XCVR not inserted        auto(D) --
Eth1/21         --      eth  routed down    XCVR not inserted        auto(D) --
Eth1/22         --      eth  routed down    XCVR not inserted        auto(D) --
Eth1/23         --      eth  routed down    XCVR not inserted        auto(D) --
Eth1/24         --      eth  routed down    XCVR not inserted        auto(D) --
Eth1/25         --      eth  routed down    XCVR not inserted        auto(D) --
Eth1/26         --      eth  routed down    XCVR not inserted        auto(D) --
Eth1/27         --      eth  routed down    XCVR not inserted        auto(D) --
Eth1/28         --      eth  routed down    XCVR not inserted        1000(D) --
Eth1/29         --      eth  routed down    XCVR not inserted        auto(D) --
Eth1/30         --      eth  routed down    XCVR not inserted        auto(D) --
Eth1/31         --      eth  routed down    XCVR not inserted        auto(D) --
Eth1/32         --      eth  routed down    XCVR not inserted        auto(D) --
Eth1/33         --      eth  routed down    XCVR not inserted        auto(D) --
Eth1/34         --      eth  routed down    XCVR not inserted        auto(D) --
Eth1/35         --      eth  routed down    XCVR not inserted        auto(D) --
Eth1/36         --      eth  routed down    XCVR not inserted        auto(D) --
Eth1/37         --      eth  routed down    XCVR not inserted        auto(D) --
Eth1/38         --      eth  routed down    XCVR not inserted        auto(D) --
Eth1/39         --      eth  routed down    XCVR not inserted        auto(D) --
Eth1/40         --      eth  routed down    XCVR not inserted        auto(D) --
Eth1/41         --      eth  routed down    XCVR not inserted        auto(D) --
Eth1/42         --      eth  routed down    XCVR not inserted        auto(D) --
Eth1/43         --      eth  routed down    XCVR not inserted        auto(D) --
Eth1/44         --      eth  routed down    XCVR not inserted        auto(D) --
Eth1/45         --      eth  routed down    XCVR not inserted        auto(D) --
Eth1/46         --      eth  routed down    XCVR not inserted        auto(D) --
Eth1/47         --      eth  routed down    XCVR not inserted        auto(D) --
Eth1/48         --      eth  routed down    XCVR not inserted        auto(D) --
Eth1/49         --      eth  routed down    XCVR not inserted        auto(D) --
Eth1/50         --      eth  routed down    XCVR not inserted        100G(D) --
Eth1/51         --      eth  routed down    XCVR not inserted        auto(D) --
Eth1/52         --      eth  routed down    XCVR not inserted        auto(D) --
Eth1/53         --      eth  routed down    XCVR not inserted        auto(D) --
Eth1/54         --      eth  routed down    XCVR not inserted        auto(D) --
Eth1/55         --      eth  routed down    XCVR not inserted        auto(D) --
Eth1/56         --      eth  routed down    XCVR not inserted        auto(D) --
Eth1/57         --      eth  routed down    XCVR not inserted        auto(D) --
Eth1/58         --      eth  routed up      none                      40G(D) --
Eth1/59         --      eth  routed down    XCVR not inserted        auto(D) --
Eth1/60         --      eth  routed down    XCVR not inserted        auto(D) --